<?xml version="1.0" encoding="UTF-8"?>
<testsuite name="com.jpetstore.cucumber.UserRegistrationRunner" time="12.643" tests="5" errors="4" skipped="0" failures="0">
  <properties>
    <property name="jansi.mode" value="force"/>
    <property name="java.runtime.name" value="Java(TM) SE Runtime Environment"/>
    <property name="sun.boot.library.path" value="C:\Program Files (x86)\Java\jdk1.8.0_351\jre\bin"/>
    <property name="java.vm.version" value="25.351-b10"/>
    <property name="java.vm.vendor" value="Oracle Corporation"/>
    <property name="maven.multiModuleProjectDirectory" value="D:\Application1\j-petstore-bdd\j-petstore-bdd"/>
    <property name="java.vendor.url" value="http://java.oracle.com/"/>
    <property name="path.separator" value=";"/>
    <property name="guice.disable.misplaced.annotation.check" value="true"/>
    <property name="java.vm.name" value="Java HotSpot(TM) Client VM"/>
    <property name="file.encoding.pkg" value="sun.io"/>
    <property name="user.script" value=""/>
    <property name="user.country" value="IN"/>
    <property name="sun.java.launcher" value="SUN_STANDARD"/>
    <property name="sun.os.patch.level" value=""/>
    <property name="java.vm.specification.name" value="Java Virtual Machine Specification"/>
    <property name="user.dir" value="D:\Application1\j-petstore-bdd\j-petstore-bdd"/>
    <property name="java.runtime.version" value="1.8.0_351-b10"/>
    <property name="java.awt.graphicsenv" value="sun.awt.Win32GraphicsEnvironment"/>
    <property name="java.endorsed.dirs" value="C:\Program Files (x86)\Java\jdk1.8.0_351\jre\lib\endorsed"/>
    <property name="os.arch" value="x86"/>
    <property name="java.io.tmpdir" value="C:\Users\PRITIK~1\AppData\Local\Temp\"/>
    <property name="line.separator" value="&#10;"/>
    <property name="java.vm.specification.vendor" value="Oracle Corporation"/>
    <property name="user.variant" value=""/>
    <property name="os.name" value="Windows 11"/>
    <property name="classworlds.conf" value="D:\Application1\.metadata\.plugins\org.eclipse.m2e.launching\launches\m2conf1228666702840767193.tmp"/>
    <property name="sun.jnu.encoding" value="Cp1252"/>
    <property name="java.library.path" value="C:\Program Files (x86)\Java\jdk1.8.0_351\bin;C:\windows\Sun\Java\bin;C:\windows\system32;C:\windows;C:/Users/Priti kute/.p2/pool/plugins/org.eclipse.justj.openjdk.hotspot.jre.full.win32.x86_64_17.0.5.v20221102-0933/jre/bin/server;C:/Users/Priti kute/.p2/pool/plugins/org.eclipse.justj.openjdk.hotspot.jre.full.win32.x86_64_17.0.5.v20221102-0933/jre/bin;C:\Program Files (x86)\Common Files\Oracle\Java\javapath;C:\Program Files (x86)\Java\jdk1.8.0_351\bin;C:\Program Files\Git\cmd;D:\Application-Software\apache-maven-3.8.6-bin\apache-maven-3.8.6\bin;C:\Gradle\gradle-7.6-all\gradle-7.6\bin;C:\Program Files\JetBrains\IntelliJ IDEA Community Edition 2022.2.4\bin;;C:\windows\system32;;."/>
    <property name="java.specification.name" value="Java Platform API Specification"/>
    <property name="java.class.version" value="52.0"/>
    <property name="sun.management.compiler" value="HotSpot Client Compiler"/>
    <property name="os.version" value="10.0"/>
    <property name="user.home" value="C:\Users\Priti kute"/>
    <property name="user.timezone" value="Asia/Calcutta"/>
    <property name="java.awt.printerjob" value="sun.awt.windows.WPrinterJob"/>
    <property name="java.specification.version" value="1.8"/>
    <property name="file.encoding" value="UTF-8"/>
    <property name="user.name" value="Priti kute"/>
    <property name="java.class.path" value="C:\Users\Priti kute\.p2\pool\plugins\org.eclipse.m2e.maven.runtime_3.8.601.20220820-1147\jars\plexus-classworlds-2.6.0.jar"/>
    <property name="java.vm.specification.version" value="1.8"/>
    <property name="sun.arch.data.model" value="32"/>
    <property name="java.home" value="C:\Program Files (x86)\Java\jdk1.8.0_351\jre"/>
    <property name="sun.java.command" value="org.codehaus.plexus.classworlds.launcher.Launcher -B -Dstyle.color=always clean verify serenity:aggregate"/>
    <property name="java.specification.vendor" value="Oracle Corporation"/>
    <property name="user.language" value="en"/>
    <property name="awt.toolkit" value="sun.awt.windows.WToolkit"/>
    <property name="java.vm.info" value="mixed mode, sharing"/>
    <property name="java.version" value="1.8.0_351"/>
    <property name="java.ext.dirs" value="C:\Program Files (x86)\Java\jdk1.8.0_351\jre\lib\ext;C:\windows\Sun\Java\lib\ext"/>
    <property name="sun.boot.class.path" value="C:\Program Files (x86)\Java\jdk1.8.0_351\jre\lib\resources.jar;C:\Program Files (x86)\Java\jdk1.8.0_351\jre\lib\rt.jar;C:\Program Files (x86)\Java\jdk1.8.0_351\jre\lib\jsse.jar;C:\Program Files (x86)\Java\jdk1.8.0_351\jre\lib\jce.jar;C:\Program Files (x86)\Java\jdk1.8.0_351\jre\lib\charsets.jar;C:\Program Files (x86)\Java\jdk1.8.0_351\jre\lib\jfr.jar;C:\Program Files (x86)\Java\jdk1.8.0_351\jre\classes"/>
    <property name="java.vendor" value="Oracle Corporation"/>
    <property name="java.specification.maintenance.version" value="4"/>
    <property name="maven.home" value="D:\Application1\j-petstore-bdd\j-petstore-bdd\EMBEDDED"/>
    <property name="style.color" value="always"/>
    <property name="file.separator" value="\"/>
    <property name="java.vendor.url.bug" value="http://bugreport.sun.com/bugreport/"/>
    <property name="sun.cpu.endian" value="little"/>
    <property name="sun.io.unicode.encoding" value="UnicodeLittle"/>
    <property name="sun.desktop" value="windows"/>
    <property name="sun.cpu.isalist" value="pentium_pro+mmx pentium_pro pentium+mmx pentium i486 i386 i86"/>
  </properties>
  <testcase name="As a user, I want to view all the categories" classname="Datatable example" time="0.226">
    <error message="The step &apos;I Login to the application with valid test and test&apos; is undefined.&#10;You can implement this step using the snippet(s) below:&#10;&#10;@Given(&quot;I Login to the application with valid test and test&quot;)&#10;public void i_login_to_the_application_with_valid_test_and_test() {&#10;    // Write code here that turns the phrase above into concrete actions&#10;    throw new io.cucumber.java.PendingException();&#10;}&#10;" type="io.cucumber.junit.UndefinedStepException">io.cucumber.junit.UndefinedStepException: The step 'I Login to the application with valid test and test' is undefined.
You can implement this step using the snippet(s) below:

@Given("I Login to the application with valid test and test")
public void i_login_to_the_application_with_valid_test_and_test() {
    // Write code here that turns the phrase above into concrete actions
    throw new io.cucumber.java.PendingException();
}

</error>
    <system-err><![CDATA[664 [main] INFO io.cucumber.core.plugin.SerenityReporter - Running feature from file:///D:/Application1/j-petstore-bdd/j-petstore-bdd/src/test/resources/features/data-table.feature
771 [main] INFO  - 

-------------------------------------------------------------------------------------
     _______. _______ .______       _______ .__   __.  __  .___________.____    ____ 
    /       ||   ____||   _  \     |   ____||  \ |  | |  | |           |\   \  /   / 
   |   (----`|  |__   |  |_)  |    |  |__   |   \|  | |  | `---|  |----` \   \/   /  
    \   \    |   __|  |      /     |   __|  |  . `  | |  |     |  |       \_    _/   
.----)   |   |  |____ |  |\  \----.|  |____ |  |\   | |  |     |  |         |  |     
|_______/    |_______|| _| `._____||_______||__| \__| |__|     |__|         |__|    
                                                                                     
 News and tutorials at http://www.serenity-bdd.info                                  
 Documentation at https://wakaleo.gitbooks.io/the-serenity-book/content/             
 Join the Serenity Community on Gitter: https://gitter.im/serenity-bdd/serenity-core 
 Serenity BDD Support and Training at http://serenity-bdd.info/#/trainingandsupport  
-------------------------------------------------------------------------------------

1434 [main] INFO  - Test Suite Started: Datatable example
1442 [main] INFO io.cucumber.core.plugin.SerenityReporter - Running feature from file:///D:/Application1/j-petstore-bdd/j-petstore-bdd/src/test/resources/features/orders.feature
1490 [main] INFO  - Test Suite Started: Purchase pets from the store
1490 [main] INFO io.cucumber.core.plugin.SerenityReporter - Running feature from file:///D:/Application1/j-petstore-bdd/j-petstore-bdd/src/test/resources/features/user-registration.feature
1531 [main] INFO  - Test Suite Started: User Registration to the pet-store application
1531 [main] INFO io.cucumber.core.plugin.SerenityReporter - Running feature from file:///D:/Application1/j-petstore-bdd/j-petstore-bdd/src/test/resources/features/data-table.feature
1571 [main] INFO  - Test Suite Started: Datatable example
1636 [main] INFO io.cucumber.core.plugin.SerenityReporter - Running feature from file:///D:/Application1/j-petstore-bdd/j-petstore-bdd/src/test/resources/features/data-table.feature
1692 [main] INFO  - 
  _____   ___   ___   _____     ___   _____     _     ___   _____   ___   ___  
 |_   _| | __| / __| |_   _|   / __| |_   _|   /_\   | _ \ |_   _| | __| |   \ 
   | |   | _|  \__ \   | |     \__ \   | |    / _ \  |   /   | |   | _|  | |) |
   |_|   |___| |___/   |_|     |___/   |_|   /_/ \_\ |_|_\   |_|   |___| |___/ 

As a user, I want to view all the categories(datatable-example;as-a-user--i-want-to-view-all-the-categories)
--------------------------------------------------------------------------------
]]></system-err>
  </testcase>
  <testcase name=" #1" classname="Purchase pets from the store" time="0.031">
    <error message="The step &apos;I Login to the application with valid test and test&apos; is undefined.&#10;You can implement this step using the snippet(s) below:&#10;&#10;@Given(&quot;I Login to the application with valid test and test&quot;)&#10;public void i_login_to_the_application_with_valid_test_and_test() {&#10;    // Write code here that turns the phrase above into concrete actions&#10;    throw new io.cucumber.java.PendingException();&#10;}&#10;" type="io.cucumber.junit.UndefinedStepException">io.cucumber.junit.UndefinedStepException: The step 'I Login to the application with valid test and test' is undefined.
You can implement this step using the snippet(s) below:

@Given("I Login to the application with valid test and test")
public void i_login_to_the_application_with_valid_test_and_test() {
    // Write code here that turns the phrase above into concrete actions
    throw new io.cucumber.java.PendingException();
}

</error>
    <system-err><![CDATA[1794 [main] INFO  - 
  _____   ___   ___   _____     ___   ___   _  _   ___    ___   _  _    ___ 
 |_   _| | __| / __| |_   _|   | _ \ | __| | \| | |   \  |_ _| | \| |  / __|
   | |   | _|  \__ \   | |     |  _/ | _|  | .` | | |) |  | |  | .` | | (_ |
   |_|   |___| |___/   |_|     |_|   |___| |_|\_| |___/  |___| |_|\_|  \___|

As a user, I want to view all the categories
-----------------------------------------------------------------------------
1799 [main] INFO io.cucumber.core.plugin.SerenityReporter - Running feature from file:///D:/Application1/j-petstore-bdd/j-petstore-bdd/src/test/resources/features/orders.feature
1836 [main] INFO  - Test Suite Started: Purchase pets from the store
1841 [main] INFO io.cucumber.core.plugin.SerenityReporter - Running feature from file:///D:/Application1/j-petstore-bdd/j-petstore-bdd/src/test/resources/features/orders.feature
1845 [main] INFO  - 
  _____   ___   ___   _____     ___   _____     _     ___   _____   ___   ___  
 |_   _| | __| / __| |_   _|   / __| |_   _|   /_\   | _ \ |_   _| | __| |   \ 
   | |   | _|  \__ \   | |     \__ \   | |    / _ \  |   /   | |   | _|  | |) |
   |_|   |___| |___/   |_|     |___/   |_|   /_/ \_\ |_|_\   |_|   |___| |___/ 

(purchase-pets-from-the-store;)
--------------------------------------------------------------------------------
]]></system-err>
  </testcase>
  <testcase name=" #2" classname="Purchase pets from the store" time="0.019">
    <error message="The step &apos;I Login to the application with valid test and test&apos; is undefined.&#10;You can implement this step using the snippet(s) below:&#10;&#10;@Given(&quot;I Login to the application with valid test and test&quot;)&#10;public void i_login_to_the_application_with_valid_test_and_test() {&#10;    // Write code here that turns the phrase above into concrete actions&#10;    throw new io.cucumber.java.PendingException();&#10;}&#10;" type="io.cucumber.junit.UndefinedStepException">io.cucumber.junit.UndefinedStepException: The step 'I Login to the application with valid test and test' is undefined.
You can implement this step using the snippet(s) below:

@Given("I Login to the application with valid test and test")
public void i_login_to_the_application_with_valid_test_and_test() {
    // Write code here that turns the phrase above into concrete actions
    throw new io.cucumber.java.PendingException();
}

</error>
    <system-err><![CDATA[1868 [main] INFO  - 
  _____   ___   ___   _____     ___   ___   _  _   ___    ___   _  _    ___ 
 |_   _| | __| / __| |_   _|   | _ \ | __| | \| | |   \  |_ _| | \| |  / __|
   | |   | _|  \__ \   | |     |  _/ | _|  | .` | | |) |  | |  | .` | | (_ |
   |_|   |___| |___/   |_|     |_|   |___| |_|\_| |___/  |___| |_|\_|  \___|


-----------------------------------------------------------------------------
1874 [main] INFO io.cucumber.core.plugin.SerenityReporter - Running feature from file:///D:/Application1/j-petstore-bdd/j-petstore-bdd/src/test/resources/features/orders.feature
]]></system-err>
  </testcase>
  <testcase name="As user, I want to view the Pet Types" classname="Purchase pets from the store" time="0.012">
    <error message="The step &apos;I Login to the application with valid test and test&apos; is undefined.&#10;You can implement this step using the snippet(s) below:&#10;&#10;@Given(&quot;I Login to the application with valid test and test&quot;)&#10;public void i_login_to_the_application_with_valid_test_and_test() {&#10;    // Write code here that turns the phrase above into concrete actions&#10;    throw new io.cucumber.java.PendingException();&#10;}&#10;" type="io.cucumber.junit.UndefinedStepException">io.cucumber.junit.UndefinedStepException: The step 'I Login to the application with valid test and test' is undefined.
You can implement this step using the snippet(s) below:

@Given("I Login to the application with valid test and test")
public void i_login_to_the_application_with_valid_test_and_test() {
    // Write code here that turns the phrase above into concrete actions
    throw new io.cucumber.java.PendingException();
}

</error>
    <system-err><![CDATA[1892 [main] INFO io.cucumber.core.plugin.SerenityReporter - Running feature from file:///D:/Application1/j-petstore-bdd/j-petstore-bdd/src/test/resources/features/orders.feature
1893 [main] INFO  - 
  _____   ___   ___   _____     ___   _____     _     ___   _____   ___   ___  
 |_   _| | __| / __| |_   _|   / __| |_   _|   /_\   | _ \ |_   _| | __| |   \ 
   | |   | _|  \__ \   | |     \__ \   | |    / _ \  |   /   | |   | _|  | |) |
   |_|   |___| |___/   |_|     |___/   |_|   /_/ \_\ |_|_\   |_|   |___| |___/ 

As user, I want to view the Pet Types(purchase-pets-from-the-store;as-user--i-want-to-view-the-pet-types)
--------------------------------------------------------------------------------
]]></system-err>
  </testcase>
  <testcase name="As a shopper, I need to register myself as a new user to the pet-store application" classname="User Registration to the pet-store application" time="12.355"/>
</testsuite>