<?xml version="1.0" encoding="UTF-8"?>
<testsuite name="com.jpetstore.cucumber.UserRegistrationRunner" time="12.643" tests="5" errors="4" skipped="0" failures="0">
  <properties>
[...]
</properties>
  <testcase name="As a user, I want to view all the categories" classname="Datatable example" time="0.226">
    <error message="The step &apos;I Login to the application with valid test and test&apos; is undefined.&#10;You can implement this step using the snippet(s) below:&#10;&#10;@Given(&quot;I Login to the application with valid test and test&quot;)&#10;public void i_login_to_the_application_with_valid_test_and_test() {&#10;    // Write code here that turns the phrase above into concrete actions&#10;    throw new io.cucumber.java.PendingException();&#10;}&#10;" type="io.cucumber.junit.UndefinedStepException">io.cucumber.junit.UndefinedStepException: The step 'I Login to the application with valid test and test' is undefined.
You can implement this step using the snippet(s) below:

@Given("I Login to the application with valid test and test")
public void i_login_to_the_application_with_valid_test_and_test() {
    // Write code here that turns the phrase above into concrete actions
    throw new io.cucumber.java.PendingException();
}

</error>
    <system-err><![CDATA[664 [main] INFO io.cucumber.core.plugin.SerenityReporter - Running feature from file:///D:/Application1/j-petstore-bdd/j-petstore-bdd/src/test/resources/features/data-table.feature
771 [main] INFO  - 

-------------------------------------------------------------------------------------
     _______. _______ .______       _______ .__   __.  __  .___________.____    ____ 
    /       ||   ____||   _  \     |   ____||  \ |  | |  | |           |\   \  /   / 
   |   (----`|  |__   |  |_)  |    |  |__   |   \|  | |  | `---|  |----` \   \/   /  
    \   \    |   __|  |      /     |   __|  |  . `  | |  |     |  |       \_    _/   
.----)   |   |  |____ |  |\  \----.|  |____ |  |\   | |  |     |  |         |  |     
|_______/    |_______|| _| `._____||_______||__| \__| |__|     |__|         |__|    
                                                                                     
 News and tutorials at http://www.serenity-bdd.info                                  
 Documentation at https://wakaleo.gitbooks.io/the-serenity-book/content/             
 Join the Serenity Community on Gitter: https://gitter.im/serenity-bdd/serenity-core 
 Serenity BDD Support and Training at http://serenity-bdd.info/#/trainingandsupport  
-------------------------------------------------------------------------------------

1434 [main] INFO  - Test Suite Started: Datatable example
1442 [main] INFO io.cucumber.core.plugin.SerenityReporter - Running feature from file:///D:/Application1/j-petstore-bdd/j-petstore-bdd/src/test/resources/features/orders.feature
1490 [main] INFO  - Test Suite Started: Purchase pets from the store
1490 [main] INFO io.cucumber.core.plugin.SerenityReporter - Running feature from file:///D:/Application1/j-petstore-bdd/j-petstore-bdd/src/test/resources/features/user-registration.feature
1531 [main] INFO  - Test Suite Started: User Registration to the pet-store application
1531 [main] INFO io.cucumber.core.plugin.SerenityReporter - Running feature from file:///D:/Application1/j-petstore-bdd/j-petstore-bdd/src/test/resources/features/data-table.feature
1571 [main] INFO  - Test Suite Started: Datatable example
1636 [main] INFO io.cucumber.core.plugin.SerenityReporter - Running feature from file:///D:/Application1/j-petstore-bdd/j-petstore-bdd/src/test/resources/features/data-table.feature
1692 [main] INFO  - 
  _____   ___   ___   _____     ___   _____     _     ___   _____   ___   ___  
 |_   _| | __| / __| |_   _|   / __| |_   _|   /_\   | _ \ |_   _| | __| |   \ 
   | |   | _|  \__ \   | |     \__ \   | |    / _ \  |   /   | |   | _|  | |) |
   |_|   |___| |___/   |_|     |___/   |_|   /_/ \_\ |_|_\   |_|   |___| |___/ 

As a user, I want to view all the categories(datatable-example;as-a-user--i-want-to-view-all-the-categories)
--------------------------------------------------------------------------------
]]></system-err>
  </testcase>
  <testcase name=" #1" classname="Purchase pets from the store" time="0.031">
    <error message="The step &apos;I Login to the application with valid test and test&apos; is undefined.&#10;You can implement this step using the snippet(s) below:&#10;&#10;@Given(&quot;I Login to the application with valid test and test&quot;)&#10;public void i_login_to_the_application_with_valid_test_and_test() {&#10;    // Write code here that turns the phrase above into concrete actions&#10;    throw new io.cucumber.java.PendingException();&#10;}&#10;" type="io.cucumber.junit.UndefinedStepException">io.cucumber.junit.UndefinedStepException: The step 'I Login to the application with valid test and test' is undefined.
You can implement this step using the snippet(s) below:

@Given("I Login to the application with valid test and test")
public void i_login_to_the_application_with_valid_test_and_test() {
    // Write code here that turns the phrase above into concrete actions
    throw new io.cucumber.java.PendingException();
}

</error>
    <system-err><![CDATA[1794 [main] INFO  - 
  _____   ___   ___   _____     ___   ___   _  _   ___    ___   _  _    ___ 
 |_   _| | __| / __| |_   _|   | _ \ | __| | \| | |   \  |_ _| | \| |  / __|
   | |   | _|  \__ \   | |     |  _/ | _|  | .` | | |) |  | |  | .` | | (_ |
   |_|   |___| |___/   |_|     |_|   |___| |_|\_| |___/  |___| |_|\_|  \___|

As a user, I want to view all the categories
-----------------------------------------------------------------------------
1799 [main] INFO io.cucumber.core.plugin.SerenityReporter - Running feature from file:///D:/Application1/j-petstore-bdd/j-petstore-bdd/src/test/resources/features/orders.feature
1836 [main] INFO  - Test Suite Started: Purchase pets from the store
1841 [main] INFO io.cucumber.core.plugin.SerenityReporter - Running feature from file:///D:/Application1/j-petstore-bdd/j-petstore-bdd/src/test/resources/features/orders.feature
1845 [main] INFO  - 
  _____   ___   ___   _____     ___   _____     _     ___   _____   ___   ___  
 |_   _| | __| / __| |_   _|   / __| |_   _|   /_\   | _ \ |_   _| | __| |   \ 
   | |   | _|  \__ \   | |     \__ \   | |    / _ \  |   /   | |   | _|  | |) |
   |_|   |___| |___/   |_|     |___/   |_|   /_/ \_\ |_|_\   |_|   |___| |___/ 

(purchase-pets-from-the-store;)
--------------------------------------------------------------------------------
]]></system-err>
  </testcase>
  <testcase name=" #2" classname="Purchase pets from the store" time="0.019">
    <error message="The step &apos;I Login to the application with valid test and test&apos; is undefined.&#10;You can implement this step using the snippet(s) below:&#10;&#10;@Given(&quot;I Login to the application with valid test and test&quot;)&#10;public void i_login_to_the_application_with_valid_test_and_test() {&#10;    // Write code here that turns the phrase above into concrete actions&#10;    throw new io.cucumber.java.PendingException();&#10;}&#10;" type="io.cucumber.junit.UndefinedStepException">io.cucumber.junit.UndefinedStepException: The step 'I Login to the application with valid test and test' is undefined.
You can implement this step using the snippet(s) below:

@Given("I Login to the application with valid test and test")
public void i_login_to_the_application_with_valid_test_and_test() {
    // Write code here that turns the phrase above into concrete actions
    throw new io.cucumber.java.PendingException();
}

</error>
    <system-err><![CDATA[1868 [main] INFO  - 
  _____   ___   ___   _____     ___   ___   _  _   ___    ___   _  _    ___ 
 |_   _| | __| / __| |_   _|   | _ \ | __| | \| | |   \  |_ _| | \| |  / __|
   | |   | _|  \__ \   | |     |  _/ | _|  | .` | | |) |  | |  | .` | | (_ |
   |_|   |___| |___/   |_|     |_|   |___| |_|\_| |___/  |___| |_|\_|  \___|


-----------------------------------------------------------------------------
1874 [main] INFO io.cucumber.core.plugin.SerenityReporter - Running feature from file:///D:/Application1/j-petstore-bdd/j-petstore-bdd/src/test/resources/features/orders.feature
]]></system-err>
  </testcase>
  <testcase name="As user, I want to view the Pet Types" classname="Purchase pets from the store" time="0.012">
    <error message="The step &apos;I Login to the application with valid test and test&apos; is undefined.&#10;You can implement this step using the snippet(s) below:&#10;&#10;@Given(&quot;I Login to the application with valid test and test&quot;)&#10;public void i_login_to_the_application_with_valid_test_and_test() {&#10;    // Write code here that turns the phrase above into concrete actions&#10;    throw new io.cucumber.java.PendingException();&#10;}&#10;" type="io.cucumber.junit.UndefinedStepException">io.cucumber.junit.UndefinedStepException: The step 'I Login to the application with valid test and test' is undefined.
You can implement this step using the snippet(s) below:

@Given("I Login to the application with valid test and test")
public void i_login_to_the_application_with_valid_test_and_test() {
    // Write code here that turns the phrase above into concrete actions
    throw new io.cucumber.java.PendingException();
}

</error>
    <system-err><![CDATA[1892 [main] INFO io.cucumber.core.plugin.SerenityReporter - Running feature from file:///D:/Application1/j-petstore-bdd/j-petstore-bdd/src/test/resources/features/orders.feature
1893 [main] INFO  - 
  _____   ___   ___   _____     ___   _____     _     ___   _____   ___   ___  
 |_   _| | __| / __| |_   _|   / __| |_   _|   /_\   | _ \ |_   _| | __| |   \ 
   | |   | _|  \__ \   | |     \__ \   | |    / _ \  |   /   | |   | _|  | |) |
   |_|   |___| |___/   |_|     |___/   |_|   /_/ \_\ |_|_\   |_|   |___| |___/ 

As user, I want to view the Pet Types(purchase-pets-from-the-store;as-user--i-want-to-view-the-pet-types)
--------------------------------------------------------------------------------
]]></system-err>
  </testcase>
  <testcase name="As a shopper, I need to register myself as a new user to the pet-store application" classname="User Registration to the pet-store application" time="12.355"/>
</testsuite>